<?xml version="1.0" encoding="UTF-8"?>
<!-- Generated by org.testng.reporters.JUnitXMLReporter -->
<testsuite hostname="LAPTOP-MCMMF3G2" ignored="0" name="chromeTestcases" tests="2" failures="2" timestamp="2020-08-26T16:48:35 IST" time="9.789" errors="0">
  <testcase name="@AfterClass closebrowser" time="0.628" classname="baselibrary.BaseLibrary">
    <failure type="java.lang.NullPointerException">
      <![CDATA[java.lang.NullPointerException
at baselibrary.BaseLibrary.closebrowser(BaseLibrary.java:99)
at java.util.ArrayList.forEach(ArrayList.java:1257)
... Removed 25 stack frames]]>
    </failure>
  </testcase> <!-- @AfterClass closebrowser -->
  <testcase name="register1" time="0.003" classname="testpackage.Testclass">
    <failure type="java.lang.NullPointerException">
      <![CDATA[java.lang.NullPointerException
at baselibrary.BaseLibrary.StartTest(BaseLibrary.java:88)
at testpackage.Testclass.register1(Testclass.java:17)
at java.util.ArrayList.forEach(ArrayList.java:1257)
... Removed 27 stack frames]]>
    </failure>
  </testcase> <!-- register1 -->
  <testcase name="signup" time="0.001" classname="testpackage.Testclass">
    <failure type="java.lang.NullPointerException">
      <![CDATA[java.lang.NullPointerException
at baselibrary.BaseLibrary.StartTest(BaseLibrary.java:88)
at testpackage.Testclass.signup(Testclass.java:28)
at java.util.ArrayList.forEach(ArrayList.java:1257)
... Removed 27 stack frames]]>
    </failure>
  </testcase> <!-- signup -->
</testsuite> <!-- chromeTestcases -->
